[debug] [2025-03-19T11:48:18.339Z] ----------------------------------------------------------------------
[debug] [2025-03-19T11:48:18.342Z] Command:       C:\Program Files\nodejs\node.exe C:\Users\Owner\AppData\Roaming\npm\node_modules\firebase-tools\lib\bin\firebase.js init
[debug] [2025-03-19T11:48:18.343Z] CLI Version:   13.34.0
[debug] [2025-03-19T11:48:18.343Z] Platform:      win32
[debug] [2025-03-19T11:48:18.343Z] Node Version:  v22.14.0
[debug] [2025-03-19T11:48:18.344Z] Time:          Wed Mar 19 2025 14:48:18 GMT+0300 (East Africa Time)
[debug] [2025-03-19T11:48:18.344Z] ----------------------------------------------------------------------
[debug] 
[debug] [2025-03-19T11:48:18.351Z] > command requires scopes: ["email","openid","https://www.googleapis.com/auth/cloudplatformprojects.readonly","https://www.googleapis.com/auth/firebase","https://www.googleapis.com/auth/cloud-platform"]
[debug] [2025-03-19T11:48:18.352Z] > authorizing via signed-in user (mireribrian9@gmail.com)
[info] 
     ######## #### ########  ######## ########     ###     ######  ########
     ##        ##  ##     ## ##       ##     ##  ##   ##  ##       ##
     ######    ##  ########  ######   ########  #########  ######  ######
     ##        ##  ##    ##  ##       ##     ## ##     ##       ## ##
     ##       #### ##     ## ######## ########  ##     ##  ######  ########

You're about to initialize a Firebase project in this directory:

  C:\Users\Owner\Desktop\npx

[info] 
=== Project Setup
[info] 
[info] First, let's associate this project directory with a Firebase project.
[info] You can create multiple project aliases by running firebase use --add, 
[info] but for now we'll just set up a default project.
[info] 
[info] i  If you want to create a project in a Google Cloud organization or folder, please use "firebase projects:create" instead, and return to this command when you've created the project. 
[debug] [2025-03-19T12:43:28.680Z] Checked if tokens are valid: false, expires at: 1742388167397
[debug] [2025-03-19T12:43:28.680Z] Checked if tokens are valid: false, expires at: 1742388167397
[debug] [2025-03-19T12:43:28.681Z] > refreshing access token with scopes: []
[debug] [2025-03-19T12:43:28.684Z] >>> [apiv2][query] POST https://www.googleapis.com/oauth2/v3/token [none]
[debug] [2025-03-19T12:43:28.684Z] >>> [apiv2][body] POST https://www.googleapis.com/oauth2/v3/token [omitted]
[debug] [2025-03-19T12:43:29.172Z] <<< [apiv2][status] POST https://www.googleapis.com/oauth2/v3/token 200
[debug] [2025-03-19T12:43:29.172Z] <<< [apiv2][body] POST https://www.googleapis.com/oauth2/v3/token [omitted]
[debug] [2025-03-19T12:43:29.192Z] >>> [apiv2][query] POST https://cloudresourcemanager.googleapis.com/v1/projects [none]
[debug] [2025-03-19T12:43:29.192Z] >>> [apiv2][body] POST https://cloudresourcemanager.googleapis.com/v1/projects {"projectId":"Everlast website","name":"Everlast"}
[debug] [2025-03-19T12:43:30.995Z] <<< [apiv2][status] POST https://cloudresourcemanager.googleapis.com/v1/projects 400
[debug] [2025-03-19T12:43:30.995Z] <<< [apiv2][body] POST https://cloudresourcemanager.googleapis.com/v1/projects {"error":{"code":400,"message":"field [project_id] has issue [project_id contains invalid characters]","status":"INVALID_ARGUMENT","details":[{"@type":"type.googleapis.com/google.rpc.BadRequest","fieldViolations":[{"field":"project_id","description":"project_id contains invalid characters"}]},{"@type":"type.googleapis.com/google.rpc.Help","links":[{"url":"https://cloud.google.com/resource-manager/reference/rest/v1/projects"}]}]}}
[debug] [2025-03-19T12:43:31.357Z] FirebaseError: Request to https://cloudresourcemanager.googleapis.com/v1/projects had HTTP Error: 400, field [project_id] has issue [project_id contains invalid characters]
    at responseToError (C:\Users\Owner\AppData\Roaming\npm\node_modules\firebase-tools\lib\responseToError.js:52:12)
    at RetryOperation._fn (C:\Users\Owner\AppData\Roaming\npm\node_modules\firebase-tools\lib\apiv2.js:312:77)
    at process.processTicksAndRejections (node:internal/process/task_queues:105:5)
[error] 
[error] Error: Failed to create project. See firebase-debug.log for more info.
[debug] [2025-03-19T12:43:58.578Z] ----------------------------------------------------------------------
[debug] [2025-03-19T12:43:58.581Z] Command:       C:\Program Files\nodejs\node.exe C:\Users\Owner\AppData\Roaming\npm\node_modules\firebase-tools\lib\bin\firebase.js projects:create
[debug] [2025-03-19T12:43:58.582Z] CLI Version:   13.34.0
[debug] [2025-03-19T12:43:58.582Z] Platform:      win32
[debug] [2025-03-19T12:43:58.582Z] Node Version:  v22.14.0
[debug] [2025-03-19T12:43:58.582Z] Time:          Wed Mar 19 2025 15:43:58 GMT+0300 (East Africa Time)
[debug] [2025-03-19T12:43:58.583Z] ----------------------------------------------------------------------
[debug] 
[debug] [2025-03-19T12:43:58.590Z] > command requires scopes: ["email","openid","https://www.googleapis.com/auth/cloudplatformprojects.readonly","https://www.googleapis.com/auth/firebase","https://www.googleapis.com/auth/cloud-platform"]
[debug] [2025-03-19T12:43:58.591Z] > authorizing via signed-in user (mireribrian9@gmail.com)
[debug] [2025-03-19T12:44:16.714Z] Checked if tokens are valid: true, expires at: 1742391808172
[debug] [2025-03-19T12:44:16.714Z] Checked if tokens are valid: true, expires at: 1742391808172
[debug] [2025-03-19T12:44:16.716Z] >>> [apiv2][query] POST https://cloudresourcemanager.googleapis.com/v1/projects [none]
[debug] [2025-03-19T12:44:16.716Z] >>> [apiv2][body] POST https://cloudresourcemanager.googleapis.com/v1/projects {"projectId":"Everlast website","name":"Everlast"}
[debug] [2025-03-19T12:44:18.373Z] <<< [apiv2][status] POST https://cloudresourcemanager.googleapis.com/v1/projects 400
[debug] [2025-03-19T12:44:18.373Z] <<< [apiv2][body] POST https://cloudresourcemanager.googleapis.com/v1/projects {"error":{"code":400,"message":"field [project_id] has issue [project_id contains invalid characters]","status":"INVALID_ARGUMENT","details":[{"@type":"type.googleapis.com/google.rpc.BadRequest","fieldViolations":[{"field":"project_id","description":"project_id contains invalid characters"}]},{"@type":"type.googleapis.com/google.rpc.Help","links":[{"url":"https://cloud.google.com/resource-manager/reference/rest/v1/projects"}]}]}}
[debug] [2025-03-19T12:44:18.743Z] FirebaseError: Request to https://cloudresourcemanager.googleapis.com/v1/projects had HTTP Error: 400, field [project_id] has issue [project_id contains invalid characters]
    at responseToError (C:\Users\Owner\AppData\Roaming\npm\node_modules\firebase-tools\lib\responseToError.js:52:12)
    at RetryOperation._fn (C:\Users\Owner\AppData\Roaming\npm\node_modules\firebase-tools\lib\apiv2.js:312:77)
    at process.processTicksAndRejections (node:internal/process/task_queues:105:5)
[error] 
[error] Error: Failed to create project. See firebase-debug.log for more info.
